➤ YN0000: · Yarn 4.9.2
➤ YN0000: ┌ Resolution step
➤ YN0000: └ Completed
➤ YN0000: ┌ Post-resolution validation
➤ YN0060: │ @typescript-eslint/parser is listed by your project with version 7.0.0 (p6cb6c), which doesn't satisfy what @typescript-eslint/eslint-plugin requests (^6.0.0-alpha).
➤ YN0060: │ eslint is listed by your project with version 9.24.0 (pe6e00), which doesn't satisfy what @typescript-eslint/eslint-plugin and other dependencies request (^8.57.0).
➤ YN0002: │ app@workspace:. doesn't provide prettier (pd88b5), requested by eslint-plugin-prettier.
➤ YN0086: │ Some peer dependencies are incorrectly met by your project; run yarn explain peer-requirements <hash> for details, where <hash> is the six-letter p-prefixed code.
➤ YN0086: │ Some peer dependencies are incorrectly met by dependencies; run yarn explain peer-requirements for details.
➤ YN0000: └ Completed
➤ YN0000: ┌ Fetch step
➤ YN0000: └ Completed in 2s 906ms
➤ YN0000: ┌ Link step
➤ YN0000: └ Completed in 0s 670ms
➤ YN0000: · Done with warnings in 3s 919ms
Environment variables loaded from .env
Prisma schema loaded from prisma/schema.prisma

✔ Generated Prisma Client (v6.7.0) to ./node_modules/.prisma/client in 138ms

Start by importing your Prisma Client (See: https://pris.ly/d/importing-client)

Tip: Curious about the SQL queries Prisma ORM generates? Optimize helps you enhance your visibility: https://pris.ly/tip-2-optimize

Starting server...
  ▲ Next.js 14.2.28
  - Local:        http://localhost:3000
  - Environments: .env
  - Experiments (use with caution):
    · outputFileTracingRoot

 ✓ Starting...
 ✓ Ready in 2.3s
 ○ Compiling / ...
 ✓ Compiled / in 4.5s (853 modules)
 GET / 307 in 1021ms
 ○ Compiling /auth/signin ...
 ✓ Compiled /auth/signin in 3.9s (877 modules)
 GET / 307 in 54ms
 GET /auth/signin 200 in 41ms
 GET / 307 in 39ms
 GET /auth/signin 200 in 36ms
 GET / 307 in 38ms
 GET / 307 in 37ms
 GET /auth/signin 200 in 32ms
 GET /auth/signin 200 in 40ms
 GET / 307 in 48ms
 GET / 307 in 38ms
 ○ Compiling /dashboard/agency ...
 ✓ Compiled /dashboard/agency in 789ms (964 modules)
 GET /dashboard/agency 200 in 951ms
 ✓ Compiled /api/auth/[...nextauth] in 262ms (633 modules)
 ✓ Compiled (635 modules)
 GET /api/contents 200 in 710ms
 GET /api/auth/session 200 in 975ms
 GET /api/contents 200 in 33ms
 GET /api/auth/session 200 in 32ms
 GET / 307 in 99ms
 GET /auth/signin 200 in 52ms
 GET / 307 in 39ms
 GET /auth/signin 200 in 35ms
 GET / 307 in 39ms
 GET /auth/signin 200 in 34ms
 GET / 307 in 38ms
 GET /auth/signin 200 in 31ms
 GET / 307 in 35ms
 GET /auth/signin 200 in 29ms
 GET / 307 in 33ms
 GET /auth/signin 200 in 31ms
 GET / 307 in 33ms
 GET /auth/signin 200 in 29ms
 GET / 307 in 31ms
 GET /auth/signin 200 in 27ms
 GET / 307 in 32ms
 GET /auth/signin 200 in 26ms
 GET / 307 in 33ms
 GET /auth/signin 200 in 27ms
 GET / 307 in 31ms
 GET /auth/signin 200 in 26ms
 GET / 307 in 28ms
 GET /auth/signin 200 in 27ms
 GET / 307 in 29ms
 GET /auth/signin 200 in 26ms
 GET / 307 in 27ms
 GET /auth/signin 200 in 27ms
 GET / 307 in 29ms
 GET /auth/signin 200 in 27ms
 GET / 307 in 31ms
 GET /auth/signin 200 in 30ms
 GET / 307 in 28ms
 GET /auth/signin 200 in 24ms
 GET / 307 in 30ms
 GET /auth/signin 200 in 28ms
 GET / 307 in 37ms
 GET /auth/signin 200 in 26ms
 GET / 307 in 32ms
 GET /auth/signin 200 in 27ms
 GET / 307 in 32ms
 GET /auth/signin 200 in 26ms
 GET / 307 in 31ms
 GET /auth/signin 200 in 29ms
 GET / 307 in 30ms
 GET /auth/signin 200 in 29ms
 GET / 307 in 30ms
 GET /auth/signin 200 in 27ms
 GET / 307 in 32ms
 GET /auth/signin 200 in 28ms
 GET / 307 in 32ms
 GET /auth/signin 200 in 29ms
 GET / 307 in 31ms
 GET /auth/signin 200 in 27ms
 GET /api/auth/session 200 in 41ms
 GET / 307 in 33ms
 GET /auth/signin 200 in 28ms
 GET / 307 in 30ms
 GET /auth/signin 200 in 25ms
 GET / 307 in 30ms
 GET /dashboard/agency 200 in 41ms
 GET /api/auth/session 200 in 23ms
 GET /api/contents 200 in 45ms
 GET /api/contents 200 in 24ms
 GET /api/auth/session 200 in 28ms
 GET / 307 in 34ms
 GET /auth/signin 200 in 27ms
 GET / 307 in 30ms
 GET /auth/signin 200 in 26ms
 GET / 307 in 29ms
 GET /auth/signin 200 in 27ms
 GET / 307 in 30ms
 GET /auth/signin 200 in 27ms
 GET / 307 in 34ms
 GET /auth/signin 200 in 28ms
 GET / 307 in 31ms
 GET /auth/signin 200 in 27ms
 GET / 307 in 33ms
 GET /auth/signin 200 in 28ms
 GET / 307 in 30ms
 GET /auth/signin 200 in 26ms
 GET / 307 in 29ms
 GET /auth/signin 200 in 25ms
 GET / 307 in 35ms
 GET /auth/signin 200 in 26ms
 GET /api/auth/session 200 in 27ms
[?25h
