➤ YN0000: · Yarn 4.9.2
➤ YN0000: ┌ Resolution step
➤ YN0085: │ + @supabase/supabase-js@npm:2.53.0, @supabase/auth-js@npm:2.71.1, @supabase/functions-js@npm:2.4.5, @supabase/node-fetch@npm:2.6.15, and 10 more.
➤ YN0000: └ Completed in 0s 877ms
➤ YN0000: ┌ Post-resolution validation
➤ YN0060: │ @typescript-eslint/parser is listed by your project with version 7.0.0 (p6cb6c), which doesn't satisfy what @typescript-eslint/eslint-plugin requests (^6.0.0-alpha).
➤ YN0060: │ eslint is listed by your project with version 9.24.0 (pe6e00), which doesn't satisfy what @typescript-eslint/eslint-plugin and other dependencies request (^8.57.0).
➤ YN0002: │ app@workspace:. doesn't provide prettier (pd88b5), requested by eslint-plugin-prettier.
➤ YN0086: │ Some peer dependencies are incorrectly met by your project; run yarn explain peer-requirements <hash> for details, where <hash> is the six-letter p-prefixed code.
➤ YN0086: │ Some peer dependencies are incorrectly met by dependencies; run yarn explain peer-requirements for details.
➤ YN0000: └ Completed
➤ YN0000: ┌ Fetch step
➤ YN0000: └ Completed in 3s 809ms
➤ YN0000: ┌ Link step
➤ YN0000: └ Completed in 1s 284ms
➤ YN0000: · Done with warnings in 6s 246ms
Environment variables loaded from .env
Prisma schema loaded from prisma/schema.prisma

✔ Generated Prisma Client (v6.7.0) to ./node_modules/.prisma/client in 261ms

Start by importing your Prisma Client (See: https://pris.ly/d/importing-client)

Tip: Want to turn off tips and other hints? https://pris.ly/tip-4-nohints

Starting server...
  ▲ Next.js 14.2.28
  - Local:        http://localhost:3000
  - Environments: .env
  - Experiments (use with caution):
    · outputFileTracingRoot

 ✓ Starting...
 ✓ Ready in 4.4s
 ○ Compiling / ...
 ✓ Compiled / in 6.5s (857 modules)
 GET / 307 in 1590ms
 ○ Compiling /auth/signin ...
 ✓ Compiled /auth/signin in 7.1s (881 modules)
 GET / 307 in 52ms
 GET /auth/signin 200 in 49ms
 GET / 307 in 52ms
 GET /auth/signin 200 in 50ms
 GET / 307 in 62ms
 GET /auth/signin 200 in 55ms
 GET / 307 in 58ms
 GET /auth/signin 200 in 54ms
 GET / 307 in 60ms
 GET / 307 in 53ms
 GET /auth/signin 200 in 56ms
 ✓ Compiled /api/auth/[...nextauth] in 238ms (566 modules)
 GET /api/auth/session 200 in 993ms
 GET /api/auth/session 200 in 56ms
 GET /api/auth/providers 200 in 61ms
 GET /api/auth/csrf 200 in 49ms
 POST /api/auth/callback/credentials 200 in 692ms
 GET /api/auth/session 200 in 54ms
 GET /?_rsc=1h9g0 200 in 51ms
 ○ Compiling /dashboard/agency ...
 ✓ Compiled /dashboard/agency in 1316ms (972 modules)
 GET /dashboard/agency?_rsc=12tsi 200 in 47ms
 ✓ Compiled /api/contents in 366ms (637 modules)
 GET /api/contents 200 in 531ms
 GET /api/contents 200 in 40ms
 GET / 307 in 150ms
 GET /auth/signin 200 in 70ms
 GET / 307 in 67ms
 GET /auth/signin 200 in 49ms
 GET / 307 in 68ms
 GET /auth/signin 200 in 53ms
 GET / 307 in 65ms
 GET /auth/signin 200 in 50ms
 GET / 307 in 72ms
 GET /auth/signin 200 in 60ms
 GET / 307 in 61ms
 GET /auth/signin 200 in 64ms
 GET / 307 in 60ms
 GET /auth/signin 200 in 50ms
 GET / 307 in 57ms
 GET /auth/signin 200 in 51ms
 GET / 307 in 58ms
 GET /auth/signin 200 in 49ms
 GET / 307 in 60ms
 GET /auth/signin 200 in 50ms
 GET / 307 in 60ms
 GET /auth/signin 200 in 51ms
 GET /api/auth/session 200 in 79ms
 GET / 307 in 51ms
 GET /auth/signin 200 in 49ms
 GET / 307 in 59ms
 GET /auth/signin 200 in 51ms
 GET / 307 in 62ms
 GET /auth/signin 200 in 54ms
 GET / 307 in 56ms
 GET /dashboard/agency 200 in 83ms
 GET /api/auth/session 200 in 63ms
 GET /api/contents 200 in 92ms
 GET /api/auth/session 200 in 39ms
 GET /api/contents 200 in 55ms
 GET /api/auth/session 200 in 58ms
 GET / 307 in 57ms
 GET /auth/signin 200 in 49ms
 GET / 307 in 56ms
 GET /auth/signin 200 in 49ms
 GET / 307 in 69ms
 GET /auth/signin 200 in 50ms
 GET / 307 in 68ms
 GET /auth/signin 200 in 53ms
 GET / 307 in 56ms
 GET /auth/signin 200 in 50ms
 GET / 307 in 63ms
 GET /auth/signin 200 in 52ms
 GET / 307 in 55ms
 GET /auth/signin 200 in 49ms
 ✓ Compiled in 829ms (373 modules)
 ✓ Compiled in 692ms (373 modules)
 ✓ Compiled in 754ms (373 modules)
 ✓ Compiled in 813ms (373 modules)
 GET / 307 in 70ms
 GET /auth/signin 200 in 55ms
 GET / 307 in 58ms
 GET /dashboard/agency 200 in 62ms
 GET /api/contents 200 in 82ms
 GET /api/contents 200 in 39ms
 GET /api/auth/session 200 in 60ms
 GET /api/auth/session 200 in 35ms
 ○ Compiling /dashboard/agency/contents ...
 ✓ Compiled /dashboard/agency/contents in 2.8s (1168 modules)
 GET /dashboard/agency/contents?_rsc=oct64 200 in 85ms
 GET /api/contents? 200 in 54ms
 GET /api/contents? 200 in 43ms
 ✓ Compiled in 533ms (450 modules)
 GET / 307 in 155ms
 GET /auth/signin 200 in 71ms
 GET /dashboard/agency?_rsc=ic423 200 in 58ms
 GET /api/contents 200 in 42ms
 GET /api/contents 200 in 42ms
 ○ Compiling /dashboard/agency/contents/[id] ...
 ✓ Compiled /dashboard/agency/contents/[id] in 2.2s (1319 modules)
 GET /dashboard/agency/contents/cmdndqjyz0003rzz8h04w80in?_rsc=i659d 200 in 78ms
 GET / 307 in 99ms
 GET /dashboard/agency/contents/cmdndfiio000frzyhx6b58pnj?_rsc=18e0s 200 in 38ms
 GET /auth/signin 200 in 69ms
 ✓ Compiled /api/contents/[id] in 325ms (797 modules)
 GET /api/contents/cmdndfiio000frzyhx6b58pnj 200 in 1020ms
 GET /api/contents/cmdndfiio000frzyhx6b58pnj 200 in 72ms
 GET /dashboard/agency/contents?_rsc=1rcxn 200 in 49ms
 GET /api/contents? 200 in 43ms
 GET /api/contents? 200 in 40ms
 GET / 307 in 94ms
 GET /auth/signin 200 in 67ms
 ○ Compiling /dashboard/agency ...
 ✓ Compiled /dashboard/agency in 1838ms (1319 modules)
 GET /dashboard/agency?_rsc=ic423 200 in 1120ms
 GET /api/contents 200 in 49ms
 GET /api/contents 200 in 49ms
 GET / 307 in 93ms
 GET /auth/signin 200 in 68ms
 ✓ Compiled in 648ms (524 modules)
 ✓ Compiled in 588ms (524 modules)
 GET / 307 in 70ms
 GET /auth/signin 200 in 59ms
 ✓ Compiled /api/auth/[...nextauth] in 248ms (637 modules)
 GET /api/auth/session 200 in 418ms
 GET / 307 in 167ms
 GET /auth/signin 200 in 93ms
 GET / 307 in 71ms
 GET /auth/signin 200 in 91ms
 GET /api/auth/session 200 in 74ms
 ✓ Compiled in 1000ms (524 modules)
 GET /api/auth/session 200 in 71ms
 GET / 307 in 73ms
 GET /auth/signin 200 in 65ms
 ✓ Compiled in 581ms (524 modules)
 ✓ Compiled in 584ms (524 modules)
 ✓ Compiled in 533ms (524 modules)
 GET / 307 in 82ms
 GET /auth/signin 200 in 60ms
 ✓ Compiled in 507ms (524 modules)
 ✓ Compiled in 576ms (524 modules)
[?25h
