  ▲ Next.js 14.2.28
  - Local:        http://localhost:3000
  - Environments: .env
  - Experiments (use with caution):
    · outputFileTracingRoot

 ✓ Starting...
 ✓ Ready in 1726ms
 ○ Compiling / ...
 ✓ Compiled / in 2.4s (850 modules)
 GET / 307 in 2925ms
 ✓ Compiled in 587ms (311 modules)
 ○ Compiling /auth/signin ...
 ✓ Compiled /auth/signin in 584ms (881 modules)
 GET /auth/signin 200 in 726ms
 GET / 307 in 59ms
 ✓ Compiled /dashboard/agency in 473ms (968 modules)
 GET /dashboard/agency 200 in 625ms
 ✓ Compiled /api/contents in 211ms (611 modules)
 ✓ Compiled (637 modules)
 GET /api/contents 200 in 635ms
 GET /api/auth/session 200 in 845ms
 GET /api/contents 200 in 28ms
 GET /api/auth/session 200 in 34ms
 GET / 307 in 87ms
