  ▲ Next.js 14.2.28
  - Environments: .env
  - Experiments (use with caution):
    · outputFileTracingRoot

   Creating an optimized production build ...
 ✓ Compiled successfully
   Skipping linting
   Checking validity of types ...
   Collecting page data ...
   Generating static pages (0/19) ...
   Generating static pages (4/19) 
   Generating static pages (9/19) 
   Generating static pages (14/19) 
 ✓ Generating static pages (19/19)
   Finalizing page optimization ...
   Collecting build traces ...

Route (app)                               Size     First Load JS
┌ ƒ /                                     138 B          87.4 kB
├ ○ /_not-found                           872 B          88.1 kB
├ ƒ /api/approvals                        0 B                0 B
├ ƒ /api/auth/[...nextauth]               0 B                0 B
├ ƒ /api/auth/signup                      0 B                0 B
├ ƒ /api/comments                         0 B                0 B
├ ƒ /api/contents                         0 B                0 B
├ ƒ /api/contents/[id]                    0 B                0 B
├ ƒ /api/debug-users                      0 B                0 B
├ ƒ /api/files/[...path]                  0 B                0 B
├ ƒ /api/notifications                    0 B                0 B
├ ƒ /api/upload                           0 B                0 B
├ ƒ /api/users                            0 B                0 B
├ ƒ /auth/signin                          8.42 kB         113 kB
├ ƒ /dashboard/agency                     3.86 kB         118 kB
├ ƒ /dashboard/agency/calendar            4.02 kB         118 kB
├ ƒ /dashboard/agency/clients             7.37 kB         139 kB
├ ƒ /dashboard/agency/comments            3.86 kB         118 kB
├ ƒ /dashboard/agency/contents            3.45 kB         151 kB
├ ƒ /dashboard/agency/contents/[id]       3.11 kB         126 kB
├ ƒ /dashboard/agency/contents/[id]/edit  11.4 kB         159 kB
├ ƒ /dashboard/agency/contents/new        6.51 kB         154 kB
├ ƒ /dashboard/agency/documents           4.59 kB         119 kB
├ ƒ /dashboard/agency/notifications       4.19 kB         119 kB
├ ƒ /dashboard/client                     4.09 kB         118 kB
├ ƒ /dashboard/client/approvals           2.62 kB         125 kB
├ ƒ /dashboard/client/calendar            4.23 kB         119 kB
├ ƒ /dashboard/client/comments            4.9 kB          119 kB
├ ƒ /dashboard/client/documents           4.75 kB         119 kB
└ ƒ /dashboard/client/notifications       4.09 kB         118 kB
+ First Load JS shared by all             87.2 kB
  ├ chunks/156-4b52176193e999b1.js        31.7 kB
  ├ chunks/ceb5afef-a88ae4c1d1f36d80.js   53.6 kB
  └ other shared chunks (total)           1.96 kB


○  (Static)   prerendered as static content
ƒ  (Dynamic)  server-rendered on demand

exit_code=0
