  ▲ Next.js 14.2.28
  - Local:        http://localhost:3000
  - Environments: .env
  - Experiments (use with caution):
    · outputFileTracingRoot

 ✓ Starting...
 ✓ Ready in 1678ms
 ○ Compiling /api/auth/[...nextauth] ...
 ✓ Compiled /api/auth/[...nextauth] in 640ms (272 modules)
 GET /api/auth/csrf 200 in 1178ms
 POST /api/auth/callback/credentials 302 in 458ms
 ○ Compiling / ...
 ✓ Compiled / in 1876ms (850 modules)
 GET / 307 in 2268ms
 ○ Compiling /dashboard/agency ...
 ✓ Compiled /dashboard/agency in 1222ms (931 modules)
 GET /dashboard/agency 200 in 977ms
 GET /api/auth/session 200 in 55ms
 GET /api/auth/session 200 in 21ms
 GET /dashboard/agency 200 in 132ms
 ✓ Compiled /_not-found in 488ms (934 modules)
 GET /dashboard/agency/contents 404 in 669ms
 GET /dashboard/agency/documents 404 in 670ms
 GET /dashboard/agency/comments 404 in 686ms
 GET /dashboard/agency/clients 404 in 671ms
 GET /dashboard/agency/contents/new 404 in 667ms
 GET /dashboard/agency/contents/2 404 in 667ms
 GET /dashboard/agency/contents/1 404 in 658ms
 GET /dashboard/agency/calendar 404 in 643ms
 GET /dashboard/agency/notifications 404 in 614ms
 GET /dashboard/agency/contents/3 404 in 609ms
 GET /api/auth/session 200 in 158ms
 GET /api/auth/session 200 in 29ms
 GET /api/auth/session 200 in 61ms
 GET /api/auth/session 200 in 33ms
 GET /api/auth/session 200 in 32ms
 GET /api/auth/session 200 in 29ms
 GET /api/auth/session 200 in 22ms
 GET /api/auth/session 200 in 21ms
 GET /api/auth/session 200 in 26ms
 GET /api/auth/session 200 in 42ms
 GET /api/auth/session 200 in 20ms
 GET /api/auth/session 200 in 20ms
 GET /api/auth/session 200 in 20ms
 GET /api/auth/session 200 in 24ms
 GET /api/auth/session 200 in 22ms
 GET /api/auth/session 200 in 19ms
 GET /api/auth/session 200 in 28ms
 GET /api/auth/session 200 in 20ms
 GET /api/auth/session 200 in 19ms
 GET /api/auth/session 200 in 19ms
 GET /api/auth/session 200 in 19ms
 GET /api/auth/session 200 in 18ms
 GET /api/auth/session 200 in 19ms
 GET /api/auth/session 200 in 30ms
 GET /api/auth/session 200 in 21ms
 GET /api/auth/session 200 in 21ms
 GET /api/auth/session 200 in 18ms
 GET /api/auth/session 200 in 18ms
 GET /api/auth/session 200 in 19ms
 GET /api/auth/session 200 in 34ms
 GET /api/auth/session 200 in 21ms
 GET /api/auth/session 200 in 21ms
 GET /api/auth/session 200 in 21ms
 ✓ Compiled in 899ms (354 modules)
 ✓ Compiled in 461ms (354 modules)
 ✓ Compiled in 459ms (354 modules)
 ✓ Compiled in 299ms (354 modules)
 ✓ Compiled in 315ms (354 modules)
[?25h
