  ▲ Next.js 14.2.28
  - Local:        http://localhost:3000
  - Environments: .env
  - Experiments (use with caution):
    · outputFileTracingRoot

 ✓ Starting...
 ✓ Ready in 1533ms
 ○ Compiling / ...
 ✓ Compiled / in 2.1s (850 modules)
 GET / 307 in 2602ms
 ✓ Compiled in 517ms (311 modules)
 ○ Compiling /auth/signin ...
 ✓ Compiled /auth/signin in 528ms (881 modules)
 GET /auth/signin 200 in 659ms
 GET / 307 in 129ms
 ✓ Compiled /dashboard/agency in 390ms (968 modules)
 GET /dashboard/agency 200 in 535ms
 ✓ Compiled /api/auth/[...nextauth] in 174ms (635 modules)
 ✓ Compiled (637 modules)
 GET /api/contents 200 in 543ms
 GET /api/auth/session 200 in 712ms
 GET /api/contents 200 in 23ms
 GET /api/auth/session 200 in 27ms
 GET / 307 in 82ms
 GET /auth/signin 200 in 41ms
 GET / 307 in 35ms
 GET /dashboard/agency 200 in 45ms
 GET /api/contents 200 in 47ms
 GET /api/auth/session 200 in 46ms
 GET /api/auth/session 200 in 33ms
 GET /api/contents 200 in 39ms
 ○ Compiling /dashboard/agency/clients ...
 ✓ Compiled /dashboard/agency/clients in 810ms (1099 modules)
 GET /dashboard/agency/clients?_rsc=1otpf 200 in 40ms
 ✓ Compiled /api/users in 230ms (691 modules)
 GET /api/users?role=CLIENT 200 in 300ms
 GET /api/users?role=CLIENT 200 in 18ms
 GET / 307 in 110ms
 GET /auth/signin 200 in 44ms
[?25h
