  ▲ Next.js 14.2.28
  - Local:        http://localhost:3000
  - Environments: .env
  - Experiments (use with caution):
    · outputFileTracingRoot

 ✓ Starting...
 ✓ Ready in 1689ms
 ○ Compiling / ...
 ✓ Compiled / in 2.2s (850 modules)
 GET / 307 in 2667ms
 ✓ Compiled in 535ms (311 modules)
 ○ Compiling /auth/signin ...
 ✓ Compiled /auth/signin in 716ms (881 modules)
 GET /auth/signin 200 in 838ms
 GET / 307 in 51ms
 ✓ Compiled /dashboard/agency in 305ms (968 modules)
 GET /dashboard/agency 200 in 437ms
 ✓ Compiled /api/auth/[...nextauth] in 182ms (635 modules)
 ✓ Compiled (637 modules)
 GET /api/contents 200 in 550ms
 GET /api/auth/session 200 in 755ms
 GET /api/contents 200 in 24ms
 GET /api/auth/session 200 in 31ms
 GET / 307 in 83ms
 GET /auth/signin 200 in 44ms
 GET /api/auth/session 200 in 34ms
 ○ Compiling /dashboard/agency/clients ...
 ✓ Compiled /dashboard/agency/clients in 745ms (1099 modules)
 GET / 307 in 74ms
 GET /auth/signin 200 in 37ms
 GET / 307 in 31ms
 GET /dashboard/agency 200 in 45ms
 GET /api/contents 200 in 58ms
 GET /api/auth/session 200 in 50ms
 GET /api/contents 200 in 40ms
 GET /api/auth/session 200 in 34ms
 GET /dashboard/agency/clients?_rsc=1otpf 200 in 24ms
 ✓ Compiled /api/users in 168ms (691 modules)
 GET /api/users?role=CLIENT 200 in 221ms
 GET /api/users?role=CLIENT 200 in 21ms
 GET / 307 in 58ms
 GET /auth/signin 200 in 37ms
 ✓ Compiled /api/auth/signup in 364ms (693 modules)
 POST /api/auth/signup 400 in 416ms
 POST /api/auth/signup 201 in 351ms
 GET /api/users?role=CLIENT 200 in 28ms
 GET / 307 in 53ms
 GET /auth/signin 200 in 44ms
 ○ Compiling /dashboard/agency/contents ...
 ✓ Compiled /dashboard/agency/contents in 671ms (1165 modules)
 ✓ Compiled /dashboard/agency/calendar in 301ms (1179 modules)
 GET /dashboard/agency/calendar?_rsc=17chd 200 in 25ms
 GET /dashboard/agency/contents?_rsc=oct64 200 in 25ms
 ✓ Compiled /api/contents in 173ms (730 modules)
 GET /api/contents? 200 in 223ms
 GET /api/contents? 200 in 22ms
 GET /dashboard/agency/clients?_rsc=gov8d 200 in 26ms
 GET /api/users?role=CLIENT 200 in 25ms
 GET /api/users?role=CLIENT 200 in 19ms
 GET / 307 in 87ms
 GET /auth/signin 200 in 41ms
[?25h
