  ▲ Next.js 14.2.28
  - Local:        http://localhost:3000
  - Environments: .env
  - Experiments (use with caution):
    · outputFileTracingRoot

 ✓ Starting...
 ✓ Ready in 1498ms
 ✓ Compiled /api/auth/[...nextauth] in 419ms (272 modules)
 GET /api/auth/csrf 200 in 884ms
 POST /api/auth/callback/credentials 302 in 443ms
 ○ Compiling / ...
 ✓ Compiled / in 1848ms (854 modules)
 GET / 307 in 2275ms
 ✓ Compiled in 443ms (311 modules)
 ○ Compiling /dashboard/agency ...
 ✓ Compiled /dashboard/agency in 639ms (935 modules)
 GET /dashboard/agency 200 in 786ms
 GET /api/auth/session 200 in 42ms
 ✓ Compiled /api/contents in 157ms (617 modules)
 GET /api/auth/session 200 in 334ms
 GET /api/contents 200 in 373ms
 GET /api/contents 200 in 23ms
 ○ Compiling /dashboard/agency/comments ...
 ✓ Compiled /dashboard/agency/comments in 1678ms (1244 modules)
 GET /dashboard/agency/clients 200 in 2099ms
 GET /dashboard/agency/calendar 200 in 2096ms
 GET /dashboard/agency/notifications 200 in 2096ms
 GET /dashboard/agency/contents 200 in 2066ms
 GET /dashboard/agency/documents 200 in 2063ms
 GET /dashboard/agency 200 in 2099ms
 GET /dashboard/agency/contents/new 200 in 2067ms
 GET /dashboard/agency/comments 200 in 2063ms
 GET /dashboard/agency/contents/cmdn4ro9o000fsdyei2hhna7z 200 in 2491ms
 GET /dashboard/agency/contents/cmdn4ro9m000dsdyewnsnp4ol 200 in 2480ms
 GET /dashboard/agency/contents/cmdn4ro9k000bsdye2n01hppq 200 in 2475ms
 ✓ Compiled /api/notifications in 392ms (773 modules)
 ✓ Compiled /api/contents/[id] in 1ms (775 modules)
 ✓ Compiled in 0ms (777 modules)
 ✓ Compiled in 0ms (777 modules)
 GET /api/auth/session 200 in 1391ms
 GET /api/contents? 200 in 1412ms
 GET /api/users?role=CLIENT 200 in 1435ms
 GET /api/contents 200 in 1438ms
 ✓ Compiled in 0ms (777 modules)
 GET /api/notifications 200 in 1735ms
 ✓ Compiled in 1ms (777 modules)
 ✓ Compiled in 0ms (777 modules)
 GET /api/contents/cmdn4ro9o000fsdyei2hhna7z 200 in 1953ms
 GET /api/contents/cmdn4ro9k000bsdye2n01hppq 200 in 1899ms
 GET /api/contents/cmdn4ro9m000dsdyewnsnp4ol 200 in 1964ms
 ✓ Compiled in 0ms (777 modules)
 GET /api/auth/session 200 in 1153ms
 GET /api/users?role=CLIENT 200 in 1122ms
 GET /api/contents 200 in 1125ms
 GET /api/contents? 200 in 1150ms
 ✓ Compiled in 0ms (777 modules)
 GET /api/notifications 200 in 1094ms
 ✓ Compiled in 0ms (777 modules)
 ✓ Compiled in 0ms (777 modules)
 GET /api/contents/cmdn4ro9k000bsdye2n01hppq 200 in 1007ms
 GET /api/contents/cmdn4ro9o000fsdyei2hhna7z 200 in 1018ms
 GET /api/contents/cmdn4ro9m000dsdyewnsnp4ol 200 in 1009ms
 GET /api/auth/session 200 in 1131ms
 GET /api/contents 200 in 1138ms
 GET /api/auth/session 200 in 28ms
 GET /api/contents 200 in 32ms
 GET /api/auth/session 200 in 22ms
 GET /api/contents 200 in 24ms
 GET /api/contents 200 in 37ms
 GET /api/auth/session 200 in 32ms
 GET /api/auth/session 200 in 22ms
 GET /api/auth/session 200 in 29ms
 GET /api/auth/session 200 in 21ms
 GET /api/auth/session 200 in 19ms
 GET /api/auth/session 200 in 20ms
 GET /api/auth/session 200 in 17ms
 GET /api/auth/session 200 in 28ms
 GET /api/auth/session 200 in 20ms
 GET /api/auth/session 200 in 19ms
 GET /api/auth/session 200 in 18ms
 GET /api/auth/session 200 in 17ms
 GET /api/auth/session 200 in 122ms
 GET /api/auth/session 200 in 20ms
 GET /api/auth/session 200 in 18ms
 GET /api/auth/session 200 in 17ms
 GET /api/auth/session 200 in 18ms
 GET /api/auth/session 200 in 18ms
 GET /api/auth/session 200 in 33ms
 GET /api/auth/session 200 in 26ms
 GET /api/auth/session 200 in 22ms
 GET /api/auth/session 200 in 22ms
 GET /api/auth/session 200 in 17ms
 GET /api/auth/session 200 in 17ms
 GET /api/auth/session 200 in 17ms
 GET /api/auth/session 200 in 38ms
 GET /api/auth/session 200 in 18ms
 GET /api/auth/session 200 in 19ms
 GET /api/auth/session 200 in 17ms
 GET /api/auth/session 200 in 17ms
 GET /api/auth/session 200 in 18ms
 GET /api/auth/session 200 in 28ms
 GET /api/auth/session 200 in 16ms
 GET /api/auth/session 200 in 18ms
 GET /api/auth/session 200 in 17ms
 GET /api/auth/session 200 in 18ms
 GET /api/auth/session 200 in 18ms
 GET /api/auth/session 200 in 18ms
 GET /api/auth/session 200 in 27ms
 GET /api/auth/session 200 in 17ms
 GET /api/auth/session 200 in 16ms
 GET /api/auth/session 200 in 17ms
 GET /api/auth/session 200 in 19ms
 GET /api/auth/session 200 in 19ms
 GET /api/auth/session 200 in 16ms
 GET /api/auth/session 200 in 26ms
 GET /api/auth/session 200 in 17ms
 GET /api/auth/session 200 in 17ms
 GET /api/auth/session 200 in 22ms
 GET /api/auth/session 200 in 17ms
 GET /api/auth/session 200 in 19ms
 GET /api/auth/session 200 in 18ms
 GET /api/auth/session 200 in 28ms
 GET /api/auth/session 200 in 19ms
 GET /api/auth/session 200 in 19ms
 GET /dashboard/agency/contents/cmdn4ro9h0009sdye49bg1mvj 200 in 59ms
 GET /api/auth/session 200 in 33ms
 GET /api/contents/cmdn4ro9h0009sdye49bg1mvj 200 in 61ms
 GET /api/auth/session 200 in 22ms
 GET /api/contents/cmdn4ro9h0009sdye49bg1mvj 200 in 24ms
 ○ Compiling /auth/signin ...
 ✓ Compiled /auth/signin in 843ms (1269 modules)
 GET /auth/signin 200 in 966ms
 GET /api/auth/session 200 in 41ms
 GET /api/auth/session 200 in 25ms
 GET /dashboard/agency/clients 307 in 53ms
 GET /auth/signin 200 in 36ms
 GET /api/auth/session 200 in 36ms
 GET /api/auth/session 200 in 21ms
[?25h
