  ▲ Next.js 14.2.28
  - Local:        http://localhost:3000
  - Environments: .env
  - Experiments (use with caution):
    · outputFileTracingRoot

 ✓ Starting...
 ✓ Ready in 1514ms
 ○ Compiling / ...
 ✓ Compiled / in 2.2s (850 modules)
 GET / 307 in 2772ms
 ✓ Compiled in 557ms (311 modules)
 ✓ Compiled /auth/signin in 454ms (881 modules)
 GET /auth/signin 200 in 593ms
 GET / 307 in 57ms
 ✓ Compiled /dashboard/client in 458ms (966 modules)
 GET /dashboard/client 200 in 608ms
 ✓ Compiled /api/contents in 200ms (634 modules)
 GET /api/contents?status=PENDING_APPROVAL 200 in 396ms
 ✓ Compiled /api/auth/[...nextauth] in 167ms (636 modules)
 GET /api/auth/session 200 in 569ms
 GET /api/contents?status=PENDING_APPROVAL 200 in 29ms
 GET /api/auth/session 200 in 33ms
 GET / 307 in 90ms
 GET /auth/signin 200 in 51ms
 GET / 307 in 44ms
 GET /dashboard/client 200 in 50ms
 GET /api/auth/session 200 in 36ms
 GET /api/auth/session 200 in 27ms
 GET /api/contents?status=PENDING_APPROVAL 200 in 28ms
 GET /api/contents?status=PENDING_APPROVAL 200 in 30ms
 GET / 307 in 36ms
 GET /auth/signin 200 in 36ms
 GET / 307 in 41ms
 GET /auth/signin 200 in 36ms
 GET / 307 in 40ms
 GET /auth/signin 200 in 35ms
 ○ Compiling /dashboard/client/approvals ...
 ✓ Compiled /dashboard/client/approvals in 550ms (1001 modules)
 GET /dashboard/client/approvals?_rsc=qqzu4 200 in 52ms
 ✓ Compiled /api/contents in 188ms (649 modules)
 GET /api/contents?status=PENDING_APPROVAL 200 in 296ms
 GET /api/contents?status=PENDING_APPROVAL 200 in 42ms
 GET / 307 in 86ms
 GET /auth/signin 200 in 52ms
 ✓ Compiled /api/approvals in 198ms (651 modules)
 POST /api/approvals 201 in 272ms
 ✓ Compiled /dashboard/client in 182ms (660 modules)
 GET /dashboard/client?_rsc=wacpd 200 in 246ms
 GET /api/contents?status=PENDING_APPROVAL 200 in 32ms
 GET /api/contents?status=PENDING_APPROVAL 200 in 27ms
 ✓ Compiled /api/auth/[...nextauth] in 227ms (662 modules)
 GET /api/auth/csrf 200 in 300ms
 POST /api/auth/signout 200 in 25ms
 GET / 307 in 65ms
 GET /auth/signin 200 in 50ms
 GET /api/auth/session 200 in 35ms
 GET /api/auth/session 200 in 30ms
 GET /api/auth/providers 200 in 43ms
 GET /api/auth/csrf 200 in 38ms
 POST /api/auth/callback/credentials 200 in 366ms
 GET /api/auth/session 200 in 38ms
 GET /?_rsc=1h9g0 200 in 32ms
 ○ Compiling /dashboard/agency ...
 ✓ Compiled /dashboard/agency in 662ms (1053 modules)
 GET /dashboard/agency?_rsc=12tsi 200 in 33ms
 GET /api/contents 200 in 41ms
 GET / 307 in 60ms
 GET /api/contents 200 in 31ms
 GET /auth/signin 200 in 43ms
 ○ Compiling /dashboard/agency/contents/[id] ...
 ✓ Compiled /dashboard/agency/contents/[id] in 590ms (1070 modules)
 GET /dashboard/agency/contents/cmdndqjyz0003rzz8h04w80in?_rsc=c28r5 200 in 40ms
 ✓ Compiled /api/contents/[id] in 272ms (681 modules)
 GET /api/contents/cmdndqjyz0003rzz8h04w80in 200 in 675ms
 GET /api/contents/cmdndqjyz0003rzz8h04w80in 200 in 44ms
 GET / 307 in 74ms
 GET /auth/signin 200 in 48ms
 GET /api/contents/cmdndfi170001rzyhr1eyfa2t 401 in 33ms
 ✓ Compiled in 600ms (403 modules)
 ✓ Compiled in 348ms (403 modules)
 ✓ Compiled in 384ms (403 modules)
 ✓ Compiled in 372ms (403 modules)
 ✓ Compiled in 285ms (403 modules)
 ✓ Compiled in 338ms (403 modules)
 ✓ Compiled in 399ms (403 modules)
 ✓ Compiled in 354ms (403 modules)
 ✓ Compiled in 295ms (403 modules)
[?25h
