➤ YN0000: · Yarn 4.9.2
➤ YN0000: ┌ Resolution step
➤ YN0000: └ Completed in 0s 356ms
➤ YN0000: ┌ Post-resolution validation
➤ YN0060: │ @typescript-eslint/parser is listed by your project with version 7.0.0 (p6cb6c), which doesn't satisfy what @typescript-eslint/eslint-plugin requests (^6.0.0-alpha).
➤ YN0060: │ eslint is listed by your project with version 9.24.0 (pe6e00), which doesn't satisfy what @typescript-eslint/eslint-plugin and other dependencies request (^8.57.0).
➤ YN0002: │ app@workspace:. doesn't provide prettier (pd88b5), requested by eslint-plugin-prettier.
➤ YN0086: │ Some peer dependencies are incorrectly met by your project; run yarn explain peer-requirements <hash> for details, where <hash> is the six-letter p-prefixed code.
➤ YN0086: │ Some peer dependencies are incorrectly met by dependencies; run yarn explain peer-requirements for details.
➤ YN0000: └ Completed
➤ YN0000: ┌ Fetch step
➤ YN0000: └ Completed in 2s 337ms
➤ YN0000: ┌ Link step
➤ YN0000: └ Completed in 0s 894ms
➤ YN0000: · Done with warnings in 3s 724ms
Environment variables loaded from .env
Prisma schema loaded from prisma/schema.prisma

✔ Generated Prisma Client (v6.7.0) to ./node_modules/.prisma/client in 311ms

Start by importing your Prisma Client (See: https://pris.ly/d/importing-client)

Tip: Want to react to database changes in your app as they happen? Discover how with Pulse: https://pris.ly/tip-1-pulse

Starting server...
  ▲ Next.js 14.2.28
  - Local:        http://localhost:3000
  - Environments: .env
  - Experiments (use with caution):
    · outputFileTracingRoot

 ✓ Starting...
 ✓ Ready in 3.2s
 ○ Compiling / ...
 ✓ Compiled / in 6.3s (857 modules)
 GET / 307 in 7303ms
 ✓ Compiled in 974ms (311 modules)
 ○ Compiling /dashboard/agency ...
 ✓ Compiled /dashboard/agency in 5.4s (931 modules)
 GET / 307 in 844ms
 GET /dashboard/agency 200 in 54ms
 ✓ Compiled /api/contents in 250ms (591 modules)
 ✓ Compiled (617 modules)
 GET /api/contents 200 in 734ms
 GET /api/auth/session 200 in 1351ms
 GET /api/auth/session 200 in 51ms
 GET /api/contents 200 in 44ms
 GET / 307 in 126ms
 GET /dashboard/agency 200 in 75ms
 GET /api/auth/session 200 in 54ms
 GET /api/auth/session 200 in 34ms
 GET /api/contents 200 in 42ms
 GET /api/contents 200 in 39ms
[?25h
