  ▲ Next.js 14.2.28
  - Local:        http://localhost:3000
  - Environments: .env
  - Experiments (use with caution):
    · outputFileTracingRoot

 ✓ Starting...
 ✓ Ready in 2.5s
 ○ Compiling /api/auth/[...nextauth] ...
 ✓ Compiled /api/auth/[...nextauth] in 790ms (272 modules)
 GET /api/auth/csrf 200 in 1644ms
 POST /api/auth/callback/credentials 302 in 1300ms
 ○ Compiling / ...
 ✓ Compiled / in 3.3s (854 modules)
 GET / 307 in 4121ms
 ✓ Compiled in 868ms (311 modules)
 ○ Compiling /dashboard/agency ...
 ✓ Compiled /dashboard/agency in 925ms (1055 modules)
 GET /dashboard/agency 500 in 1249ms
 ✓ Compiled in 969ms (1067 modules)
[?25h
