  ▲ Next.js 14.2.28
  - Local:        http://localhost:3000
  - Environments: .env
  - Experiments (use with caution):
    · outputFileTracingRoot

 ✓ Starting...
 ✓ Ready in 1801ms
 ○ Compiling /api/auth/[...nextauth] ...
 ✓ Compiled /api/auth/[...nextauth] in 913ms (272 modules)
 GET /api/auth/csrf 200 in 1417ms
 POST /api/auth/callback/credentials 302 in 512ms
 ○ Compiling / ...
 ✓ Compiled / in 4.8s (857 modules)
 GET / 307 in 5360ms
 ○ Compiling /dashboard/agency ...
 ✓ Compiled /dashboard/agency in 4.7s (931 modules)
 GET /dashboard/agency 500 in 4359ms
 ✓ Compiled in 536ms (943 modules)
 ✓ Compiled in 492ms (943 modules)
[?25h
