  ▲ Next.js 14.2.28
  - Local:        http://localhost:3000
  - Environments: .env
  - Experiments (use with caution):
    · outputFileTracingRoot

 ✓ Starting...
 ✓ Ready in 3.5s
 ○ Compiling / ...
 ✓ Compiled / in 6.6s (857 modules)
 GET / 307 in 7654ms
 ✓ Compiled in 1044ms (311 modules)
 ○ Compiling /auth/signin ...
 ✓ Compiled /auth/signin in 5.2s (881 modules)
 GET /auth/signin 200 in 5398ms
 GET / 307 in 88ms
 ○ Compiling /dashboard/client ...
 ✓ Compiled /dashboard/client in 1498ms (1080 modules)
 GET /dashboard/client 200 in 1794ms
 ✓ Compiled /api/contents in 281ms (667 modules)
 ✓ Compiled (693 modules)
 GET /api/contents?status=PENDING_APPROVAL 200 in 989ms
 GET /api/auth/session 200 in 1403ms
 GET /api/auth/session 200 in 59ms
 GET /api/contents?status=PENDING_APPROVAL 200 in 42ms
 GET / 307 in 153ms
 GET /auth/signin 200 in 77ms
 GET / 307 in 58ms
 GET /auth/signin 200 in 58ms
 ○ Compiling /dashboard/client/posts ...
 ✓ Compiled /dashboard/client/posts in 1606ms (1141 modules)
 GET /dashboard/client/posts?_rsc=vtyya 200 in 82ms
 ✓ Compiled /api/posts/client in 295ms (720 modules)
 GET /api/posts/client?page=1&limit=12 200 in 469ms
 GET /api/posts/client?page=1&limit=12 200 in 47ms
 GET / 307 in 157ms
 GET /auth/signin 200 in 78ms
 ○ Compiling /dashboard/client/approvals ...
 ✓ Compiled /dashboard/client/approvals in 681ms (1180 modules)
 GET /dashboard/client/approvals?_rsc=qqzu4 200 in 48ms
 ✓ Compiled /api/contents in 249ms (729 modules)
 GET /api/contents?status=PENDING_APPROVAL 200 in 331ms
 GET /api/contents?status=PENDING_APPROVAL 200 in 39ms
 ✓ Compiled /dashboard/client in 410ms (736 modules)
 GET /dashboard/client?_rsc=wacpd 200 in 505ms
 GET /api/contents?status=PENDING_APPROVAL 200 in 45ms
 GET /api/contents?status=PENDING_APPROVAL 200 in 38ms
 ✓ Compiled /api/auth/[...nextauth] in 322ms (738 modules)
 GET /api/auth/csrf 200 in 434ms
 POST /api/auth/signout 200 in 59ms
 GET / 307 in 103ms
 GET /auth/signin 200 in 70ms
 GET /api/auth/session 200 in 59ms
 GET /api/auth/session 200 in 35ms
 GET /api/auth/providers 200 in 60ms
 GET /api/auth/csrf 200 in 36ms
 POST /api/auth/callback/credentials 401 in 72ms
 GET / 307 in 64ms
 GET /api/auth/providers 200 in 63ms
 GET /auth/signin 200 in 65ms
 GET /api/auth/csrf 200 in 35ms
 POST /api/auth/callback/credentials 401 in 75ms
 GET / 307 in 69ms
 GET /auth/signin 200 in 61ms
 GET / 307 in 60ms
 GET /auth/signin 200 in 54ms
 GET / 307 in 60ms
 GET /auth/signin 200 in 55ms
 GET / 307 in 60ms
 GET /auth/signin 200 in 54ms
 GET / 307 in 56ms
 GET /auth/signin 200 in 51ms
 GET / 307 in 58ms
 GET /auth/signin 200 in 53ms
 GET / 307 in 56ms
 GET /auth/signin 200 in 50ms
 GET /api/auth/providers 200 in 61ms
 GET /api/auth/csrf 200 in 60ms
 GET / 307 in 60ms
 POST /api/auth/callback/credentials 200 in 556ms
 GET /auth/signin 200 in 58ms
 GET /api/auth/session 200 in 61ms
 GET /?_rsc=1h9g0 200 in 40ms
 ○ Compiling /dashboard/agency ...
 ✓ Compiled /dashboard/agency in 978ms (1125 modules)
 GET /dashboard/agency?_rsc=12tsi 200 in 81ms
 ✓ Compiled /api/contents in 234ms (694 modules)
 GET /api/contents 200 in 380ms
 GET /api/contents 200 in 39ms
 GET / 307 in 162ms
 GET /auth/signin 200 in 77ms
 GET /api/auth/session 200 in 62ms
 GET / 307 in 59ms
 GET /auth/signin 200 in 56ms
[?25h
