➤ YN0000: · Yarn 4.9.2
➤ YN0000: ┌ Resolution step
➤ YN0085: │ + @supabase/supabase-js@npm:2.53.0, @supabase/auth-js@npm:2.71.1, @supabase/functions-js@npm:2.4.5, @supabase/node-fetch@npm:2.6.15, and 10 more.
➤ YN0000: └ Completed in 0s 440ms
➤ YN0000: ┌ Post-resolution validation
➤ YN0060: │ @typescript-eslint/parser is listed by your project with version 7.0.0 (p6cb6c), which doesn't satisfy what @typescript-eslint/eslint-plugin requests (^6.0.0-alpha).
➤ YN0060: │ eslint is listed by your project with version 9.24.0 (pe6e00), which doesn't satisfy what @typescript-eslint/eslint-plugin and other dependencies request (^8.57.0).
➤ YN0002: │ app@workspace:. doesn't provide prettier (pd88b5), requested by eslint-plugin-prettier.
➤ YN0086: │ Some peer dependencies are incorrectly met by your project; run yarn explain peer-requirements <hash> for details, where <hash> is the six-letter p-prefixed code.
➤ YN0086: │ Some peer dependencies are incorrectly met by dependencies; run yarn explain peer-requirements for details.
➤ YN0000: └ Completed
➤ YN0000: ┌ Fetch step
➤ YN0000: └ Completed in 2s 878ms
➤ YN0000: ┌ Link step
➤ YN0000: └ Completed in 0s 692ms
➤ YN0000: · Done with warnings in 4s 178ms
Environment variables loaded from .env
Prisma schema loaded from prisma/schema.prisma

✔ Generated Prisma Client (v6.7.0) to ./node_modules/.prisma/client in 118ms

Start by importing your Prisma Client (See: https://pris.ly/d/importing-client)

Tip: Easily identify and fix slow SQL queries in your app. Optimize helps you enhance your visibility: https://pris.ly/--optimize

Starting server...
  ▲ Next.js 14.2.28
  - Local:        http://localhost:3000
  - Environments: .env
  - Experiments (use with caution):
    · outputFileTracingRoot

 ✓ Starting...
 ✓ Ready in 2s
 ○ Compiling / ...
 ✓ Compiled / in 3.6s (857 modules)
 GET / 307 in 653ms
 GET / 307 in 2133ms
 ○ Compiling /auth/signin ...
 ✓ Compiled /auth/signin in 3.5s (881 modules)
 GET /auth/signin 200 in 2881ms
 GET / 307 in 2892ms
 GET /auth/signin 200 in 28ms
 GET / 307 in 29ms
 GET /auth/signin 200 in 30ms
 GET / 307 in 29ms
 GET /auth/signin 200 in 25ms
 GET / 307 in 31ms
 GET /auth/signin 200 in 27ms
 GET / 307 in 31ms
 GET /auth/signin 200 in 27ms
 GET / 307 in 36ms
 GET / 307 in 31ms
 ○ Compiling /dashboard/agency ...
 ✓ Compiled /dashboard/agency in 647ms (968 modules)
 GET /dashboard/agency 200 in 789ms
 ✓ Compiled /api/contents in 159ms (611 modules)
 ✓ Compiled (637 modules)
 GET /api/contents 200 in 505ms
 GET /api/auth/session 200 in 826ms
 GET /api/contents 200 in 31ms
 GET /api/auth/session 200 in 26ms
 GET / 307 in 81ms
 GET /auth/signin 200 in 42ms
 GET / 307 in 32ms
 GET /auth/signin 200 in 33ms
 GET /api/auth/session 200 in 37ms
 GET / 307 in 32ms
 GET /auth/signin 200 in 27ms
 ✓ Compiled in 447ms (373 modules)
 ✓ Compiled in 254ms (373 modules)
 ✓ Compiled in 332ms (373 modules)
 ✓ Compiled in 260ms (373 modules)
 ✓ Compiled in 245ms (373 modules)
[?25h
