  ▲ Next.js 14.2.28
  - Local:        http://localhost:3000
  - Environments: .env
  - Experiments (use with caution):
    · outputFileTracingRoot

 ✓ Starting...
 ✓ Ready in 2.7s
 ○ Compiling /design-system ...
 ✓ Compiled /design-system in 5.4s (782 modules)
 GET /design-system 200 in 6477ms
 ✓ Compiled in 1041ms (397 modules)
 ○ Compiling /api/auth/[...nextauth] ...
 ✓ Compiled /api/auth/[...nextauth] in 1213ms (627 modules)
 GET /api/auth/session 200 in 2183ms
 GET /api/auth/session 200 in 55ms
 ○ Compiling / ...
 ✓ Compiled / in 718ms (1021 modules)
 GET / 307 in 985ms
 ○ Compiling /auth/signin ...
 ✓ Compiled /auth/signin in 741ms (1058 modules)
 GET /auth/signin 200 in 897ms
 GET / 307 in 84ms
 ○ Compiling /dashboard/agency ...
 ✓ Compiled /dashboard/agency in 603ms (1087 modules)
 GET /dashboard/agency 200 in 768ms
 ✓ Compiled /api/contents in 295ms (697 modules)
 GET /api/auth/session 200 in 763ms
 GET /api/contents 200 in 921ms
 GET /api/contents 200 in 50ms
 GET /api/auth/session 200 in 59ms
 GET / 307 in 157ms
 GET /auth/signin 200 in 76ms
[?25h
