  ▲ Next.js 14.2.28
  - Environments: .env
  - Experiments (use with caution):
    · outputFileTracingRoot

   Creating an optimized production build ...
 ✓ Compiled successfully
   Skipping linting
   Checking validity of types ...
   Collecting page data ...
   Generating static pages (0/7) ...
   Generating static pages (1/7) 
   Generating static pages (3/7) 
   Generating static pages (5/7) 
 ✓ Generating static pages (7/7)
   Finalizing page optimization ...
   Collecting build traces ...

Route (app)                              Size     First Load JS
┌ ƒ /                                    138 B          87.4 kB
├ ○ /_not-found                          872 B          88.1 kB
├ ƒ /api/approvals                       0 B                0 B
├ ƒ /api/auth/[...nextauth]              0 B                0 B
├ ƒ /api/auth/signup                     0 B                0 B
├ ƒ /api/comments                        0 B                0 B
├ ƒ /api/contents                        0 B                0 B
├ ƒ /api/contents/[id]                   0 B                0 B
├ ƒ /api/notifications                   0 B                0 B
├ ƒ /api/users                           0 B                0 B
├ ƒ /auth/signin                         8.26 kB         113 kB
├ ƒ /dashboard/agency                    3.58 kB         118 kB
└ ƒ /dashboard/client                    3.91 kB         118 kB
+ First Load JS shared by all            87.2 kB
  ├ chunks/156-4442cf3185b27104.js       31.7 kB
  ├ chunks/ceb5afef-55dfafb3396e9efc.js  53.6 kB
  └ other shared chunks (total)          1.95 kB


○  (Static)   prerendered as static content
ƒ  (Dynamic)  server-rendered on demand

exit_code=0
