  ▲ Next.js 14.2.28
  - Local:        http://localhost:3000
  - Environments: .env
  - Experiments (use with caution):
    · outputFileTracingRoot

 ✓ Starting...
 ✓ Ready in 2.8s
 ○ Compiling / ...
 ✓ Compiled / in 3.6s (850 modules)
 GET / 307 in 4607ms
 GET / 307 in 4739ms
 ✓ Compiled in 1078ms (311 modules)
 ○ Compiling /auth/signin ...
 ✓ Compiled /auth/signin in 844ms (881 modules)
 GET /auth/signin 200 in 1080ms
 GET / 307 in 102ms
 GET /auth/signin 200 in 64ms
 ✓ Compiled /api/auth/[...nextauth] in 262ms (566 modules)
 GET /api/auth/providers 200 in 1035ms
[?25h
