  ▲ Next.js 14.2.28
  - Local:        http://localhost:3000
  - Environments: .env
  - Experiments (use with caution):
    · outputFileTracingRoot

 ✓ Starting...
 ✓ Ready in 1668ms
 ○ Compiling / ...
 ✓ Compiled / in 2.2s (850 modules)
 GET / 307 in 2759ms
 ✓ Compiled in 535ms (311 modules)
 ✓ Compiled /auth/signin in 488ms (881 modules)
 GET /auth/signin 200 in 622ms
 GET / 307 in 46ms
 GET /auth/signin 200 in 35ms
 ✓ Compiled /api/auth/[...nextauth] in 206ms (566 modules)
 GET /api/auth/session 200 in 620ms
 GET /api/auth/session 200 in 31ms
 GET / 307 in 81ms
 GET /auth/signin 200 in 40ms
 GET / 307 in 36ms
 GET /auth/signin 200 in 35ms
 GET /api/auth/session 200 in 28ms
 GET /api/auth/session 200 in 23ms
 GET / 307 in 37ms
 GET /auth/signin 200 in 35ms
 GET / 307 in 37ms
 GET /auth/signin 200 in 32ms
 GET / 307 in 35ms
 GET /auth/signin 200 in 29ms
 GET / 307 in 39ms
 GET /auth/signin 200 in 33ms
 GET / 307 in 34ms
 GET /auth/signin 200 in 32ms
 GET / 307 in 39ms
 GET /auth/signin 200 in 29ms
 GET / 307 in 36ms
 GET /auth/signin 200 in 31ms
 GET / 307 in 35ms
 GET /auth/signin 200 in 30ms
 GET / 307 in 37ms
 GET /auth/signin 200 in 33ms
 GET / 307 in 38ms
 GET /auth/signin 200 in 29ms
 GET / 307 in 36ms
 GET /auth/signin 200 in 31ms
 GET / 307 in 33ms
 GET /auth/signin 200 in 29ms
 GET /api/auth/providers 200 in 29ms
 GET /api/auth/csrf 200 in 28ms
 POST /api/auth/callback/credentials 401 in 111ms
 GET / 307 in 34ms
 GET /auth/signin 200 in 30ms
 GET / 307 in 31ms
 GET /auth/signin 200 in 29ms
 GET / 307 in 33ms
 GET /auth/signin 200 in 29ms
 GET /api/auth/session 200 in 30ms
 GET /api/auth/session 200 in 30ms
 GET / 307 in 34ms
 GET /auth/signin 200 in 33ms
 GET / 307 in 33ms
 GET /auth/signin 200 in 28ms
 GET / 307 in 33ms
 GET /auth/signin 200 in 28ms
 GET / 307 in 33ms
 GET /auth/signin 200 in 29ms
 GET / 307 in 35ms
 GET /auth/signin 200 in 28ms
 GET / 307 in 34ms
 GET /auth/signin 200 in 27ms
 GET / 307 in 35ms
 GET /auth/signin 200 in 29ms
 GET / 307 in 33ms
 GET /auth/signin 200 in 31ms
 GET / 307 in 31ms
 GET /auth/signin 200 in 32ms
 GET / 307 in 34ms
 GET /auth/signin 200 in 30ms
 GET / 307 in 35ms
 GET /auth/signin 200 in 37ms
 GET / 307 in 32ms
 GET /auth/signin 200 in 29ms
   Reload env: .env
 ✓ Compiled in 230ms (319 modules)
   Reload env: .env
 ✓ Compiled in 148ms (319 modules)
   Reload env: .env
 ✓ Compiled in 141ms (319 modules)
   Reload env: .env
 ✓ Compiled in 133ms (319 modules)
   Reload env: .env
 ✓ Compiled in 136ms (319 modules)
   Reload env: .env
 ✓ Compiled in 168ms (319 modules)
   Reload env: .env
 ✓ Compiled in 134ms (319 modules)
   Reload env: .env
 ✓ Compiled in 119ms (319 modules)
[?25h
