  ▲ Next.js 14.2.28
  - Local:        http://localhost:3000
  - Environments: .env
  - Experiments (use with caution):
    · outputFileTracingRoot

 ✓ Starting...
 ✓ Ready in 1519ms
 ○ Compiling /api/auth/[...nextauth] ...
 ✓ Compiled /api/auth/[...nextauth] in 556ms (272 modules)
 GET /api/auth/csrf 200 in 1040ms
 POST /api/auth/callback/credentials 302 in 512ms
 ○ Compiling / ...
 ✓ Compiled / in 2.2s (850 modules)
 GET / 307 in 2587ms
 ✓ Compiled /dashboard/agency in 888ms (931 modules)
 GET /dashboard/agency 200 in 612ms
 ✓ Compiled /api/contents in 158ms (615 modules)
 GET /api/auth/session 200 in 357ms
 GET /api/contents 200 in 396ms
 GET /api/auth/session 200 in 23ms
 GET /api/contents 200 in 32ms
 ○ Compiling /dashboard/agency/documents ...
 ✓ Compiled /dashboard/agency/documents in 2s (1230 modules)
 GET /dashboard/agency 200 in 2410ms
 GET /dashboard/agency/comments 200 in 2412ms
 GET /dashboard/agency/clients 200 in 2429ms
 GET /dashboard/agency/calendar 200 in 2419ms
 GET /dashboard/agency/notifications 200 in 2411ms
 GET /dashboard/agency/contents/new 200 in 2411ms
 GET /dashboard/agency/documents 200 in 2397ms
 GET /dashboard/agency/contents 200 in 2419ms
 GET /dashboard/agency/contents/cmdn4ro9o000fsdyei2hhna7z 200 in 2904ms
 GET /dashboard/agency/contents/cmdn4ro9m000dsdyewnsnp4ol 200 in 2894ms
 GET /dashboard/agency/contents/cmdn4ro9k000bsdye2n01hppq 200 in 2884ms
 GET /api/contents 200 in 308ms
 GET /api/auth/session 200 in 284ms
 ○ Compiling /api/contents/[id] ...
 ✓ Compiled /api/contents/[id] in 847ms (766 modules)
 ✓ Compiled (770 modules)
 GET /api/contents 200 in 1225ms
 GET /api/contents? 200 in 1197ms
 GET /api/users?role=CLIENT 200 in 1361ms
 GET /api/auth/session 200 in 1315ms
 GET /api/notifications 200 in 1369ms
 GET /api/contents 200 in 41ms
 GET /api/contents? 200 in 60ms
 GET /api/auth/session 200 in 55ms
 GET /api/users?role=CLIENT 200 in 67ms
 GET /api/notifications 200 in 65ms
 GET /api/contents 200 in 54ms
 GET /api/auth/session 200 in 24ms
 GET /api/contents 200 in 26ms
 GET /api/auth/session 200 in 19ms
 GET /api/contents 200 in 25ms
 GET /api/auth/session 200 in 22ms
 GET /api/auth/session 200 in 19ms
 GET /api/contents/cmdn4ro9o000fsdyei2hhna7z 200 in 1397ms
 GET /api/contents/cmdn4ro9m000dsdyewnsnp4ol 200 in 1390ms
 GET /api/contents/cmdn4ro9k000bsdye2n01hppq 200 in 1335ms
 GET /api/auth/session 200 in 21ms
 GET /api/contents/cmdn4ro9o000fsdyei2hhna7z 200 in 49ms
 GET /api/contents/cmdn4ro9m000dsdyewnsnp4ol 200 in 49ms
 GET /api/contents/cmdn4ro9k000bsdye2n01hppq 200 in 53ms
 GET /api/auth/session 200 in 63ms
 GET /api/auth/session 200 in 21ms
 GET /api/auth/session 200 in 19ms
 GET /api/auth/session 200 in 19ms
 GET /api/auth/session 200 in 17ms
 GET /api/auth/session 200 in 18ms
 GET /api/auth/session 200 in 21ms
 GET /api/auth/session 200 in 29ms
 GET /api/auth/session 200 in 18ms
 GET /api/auth/session 200 in 19ms
 GET /api/auth/session 200 in 17ms
 GET /api/auth/session 200 in 17ms
 GET /api/auth/session 200 in 18ms
 GET /api/auth/session 200 in 36ms
 GET /api/auth/session 200 in 19ms
 GET /api/auth/session 200 in 16ms
 GET /api/auth/session 200 in 16ms
 GET /api/auth/session 200 in 17ms
 GET /api/auth/session 200 in 17ms
 GET /api/auth/session 200 in 18ms
 GET /api/auth/session 200 in 39ms
 GET /api/auth/session 200 in 18ms
 GET /api/auth/session 200 in 19ms
 GET /api/auth/session 200 in 18ms
 GET /api/auth/session 200 in 18ms
 GET /api/auth/session 200 in 19ms
 GET /api/auth/session 200 in 17ms
 GET /api/auth/session 200 in 39ms
 GET /api/auth/session 200 in 19ms
 GET /api/auth/session 200 in 20ms
 GET /api/auth/session 200 in 19ms
 GET /api/auth/session 200 in 18ms
 GET /api/auth/session 200 in 19ms
 GET /api/auth/session 200 in 19ms
 GET /api/auth/session 200 in 28ms
 GET /api/auth/session 200 in 18ms
 GET /api/auth/session 200 in 19ms
 GET /api/auth/session 200 in 19ms
 GET /api/auth/session 200 in 19ms
 GET /api/auth/session 200 in 18ms
 GET /api/auth/session 200 in 21ms
 GET /dashboard/agency/contents/cmdn4ro9h0009sdye49bg1mvj 200 in 62ms
 GET /api/auth/session 200 in 42ms
 GET /api/contents/cmdn4ro9h0009sdye49bg1mvj 200 in 62ms
 GET /api/auth/session 200 in 27ms
 GET /api/contents/cmdn4ro9h0009sdye49bg1mvj 200 in 30ms
[?25h
