 тип ./components/pages/create-content.tsx
Error: 
  [31mx[0m Expected ';', '}' or <eof>
   ,-[[36;1;4m/home/ubuntu/social_media_approval_app/app/components/pages/create-content.tsx[0m:1:1]
 [2m1[0m | 
 [2m2[0m | ''use client'
   : [31;1m^|[0m[33;1m^^^[0m
   :  [31;1m`-- [31;1mThis is the expression part of an expression statement[0m[0m
 [2m3[0m | 
 [2m4[0m | import { useState, useEffect } from 'react'
 [2m5[0m | import { useRouter } from 'next/navigation'
   `----

Caused by:
    Syntax Error

Import trace for requested module:
./components/pages/create-content.tsx
 тип ./components/pages/create-content.tsx
Error: 
  [31mx[0m Expected ';', '}' or <eof>
   ,-[[36;1;4m/home/ubuntu/social_media_approval_app/app/components/pages/create-content.tsx[0m:1:1]
 [2m1[0m | use client'
   : [31;1m^|^[0m[33;1m ^^^^^^[0m
   :  [31;1m`-- [31;1mThis is the expression part of an expression statement[0m[0m
 [2m2[0m | 
 [2m3[0m | import { useState, useEffect } from 'react
 [2m4[0m | import { useRouter } from 'next/navigation'
   `----

Caused by:
    Syntax Error

Import trace for requested module:
./components/pages/create-content.tsx
 тип ./components/pages/create-content.tsx
Error: 
  [31mx[0m Expected ';', '}' or <eof>
   ,-[[36;1;4m/home/ubuntu/social_media_approval_app/app/components/pages/create-content.tsx[0m:1:1]
 [2m1[0m | use client'
   : [31;1m^|^[0m[33;1m ^^^^^^[0m
   :  [31;1m`-- [31;1mThis is the expression part of an expression statement[0m[0m
 [2m2[0m | 
 [2m3[0m | import { useState, useEffect } from 'react
 [2m4[0m | import { useRouter } from 'next/navigation'
   `----

Caused by:
    Syntax Error

Import trace for requested module:
./components/pages/create-content.tsx
