➤ YN0000: · Yarn 4.9.2
➤ YN0000: ┌ Resolution step
➤ YN0000: └ Completed in 0s 350ms
➤ YN0000: ┌ Post-resolution validation
➤ YN0060: │ @typescript-eslint/parser is listed by your project with version 7.0.0 (p6cb6c), which doesn't satisfy what @typescript-eslint/eslint-plugin requests (^6.0.0-alpha).
➤ YN0060: │ eslint is listed by your project with version 9.24.0 (pe6e00), which doesn't satisfy what @typescript-eslint/eslint-plugin and other dependencies request (^8.57.0).
➤ YN0002: │ app@workspace:. doesn't provide prettier (pd88b5), requested by eslint-plugin-prettier.
➤ YN0086: │ Some peer dependencies are incorrectly met by your project; run yarn explain peer-requirements <hash> for details, where <hash> is the six-letter p-prefixed code.
➤ YN0086: │ Some peer dependencies are incorrectly met by dependencies; run yarn explain peer-requirements for details.
➤ YN0000: └ Completed
➤ YN0000: ┌ Fetch step
➤ YN0000: └ Completed in 2s 90ms
➤ YN0000: ┌ Link step
➤ YN0000: └ Completed in 0s 839ms
➤ YN0000: · Done with warnings in 3s 561ms
Environment variables loaded from .env
Prisma schema loaded from prisma/schema.prisma

✔ Generated Prisma Client (v6.7.0) to ./node_modules/.prisma/client in 286ms

Start by importing your Prisma Client (See: https://pris.ly/d/importing-client)

Tip: Want to turn off tips and other hints? https://pris.ly/tip-4-nohints

Starting server...
  ▲ Next.js 14.2.28
  - Local:        http://localhost:3000
  - Environments: .env
  - Experiments (use with caution):
    · outputFileTracingRoot

 ✓ Starting...
 ✓ Ready in 3.2s
 ○ Compiling / ...
 ✓ Compiled / in 6.5s (857 modules)
 GET / 307 in 7548ms
 ✓ Compiled in 1022ms (311 modules)
 ○ Compiling /dashboard/agency ...
 ✓ Compiled /dashboard/agency in 5.1s (931 modules)
 GET /dashboard/agency 200 in 5336ms
 ✓ Compiled /api/auth/[...nextauth] in 344ms (615 modules)
 ✓ Compiled (617 modules)
 GET /api/contents 200 in 959ms
 GET /api/contents 200 in 43ms
 GET /api/auth/session 200 in 1362ms
 GET /api/auth/session 200 in 54ms
 ○ Compiling /dashboard/agency/contents ...
 ✓ Compiled /dashboard/agency/contents in 1335ms (1129 modules)
 GET /dashboard/agency/contents?_rsc=oct64 200 in 44ms
 GET /api/contents? 200 in 49ms
 GET /api/contents? 200 in 48ms
 GET / 307 in 135ms
 ○ Compiling /auth/signin ...
 ✓ Compiled /auth/signin in 973ms (1156 modules)
 GET /auth/signin 200 in 1125ms
 GET / 307 in 77ms
 GET /auth/signin 200 in 55ms
 GET / 307 in 64ms
 GET /auth/signin 200 in 57ms
[?25h
