  ▲ Next.js 14.2.28
  - Local:        http://localhost:3000
  - Environments: .env
  - Experiments (use with caution):
    · outputFileTracingRoot

 ✓ Starting...
 ✓ Ready in 1880ms
 ○ Compiling / ...
 ✓ Compiled / in 3.4s (857 modules)
 GET / 307 in 3932ms
 ✓ Compiled in 538ms (311 modules)
 ○ Compiling /auth/signin ...
 ✓ Compiled /auth/signin in 2.4s (881 modules)
 GET /auth/signin 200 in 2525ms
 GET / 307 in 55ms
 ○ Compiling /dashboard/client ...
 ✓ Compiled /dashboard/client in 515ms (966 modules)
 GET /dashboard/client 200 in 659ms
 ✓ Compiled /api/auth/[...nextauth] in 175ms (610 modules)
 GET /api/auth/session 200 in 620ms
 ✓ Compiled /api/contents in 229ms (636 modules)
 GET /api/contents?status=PENDING_APPROVAL 200 in 414ms
 GET /api/auth/session 200 in 38ms
 GET /api/contents?status=PENDING_APPROVAL 200 in 25ms
 ○ Compiling /dashboard/client/approvals ...
 ✓ Compiled /dashboard/client/approvals in 605ms (1040 modules)
 GET /dashboard/client/approvals?_rsc=qqzu4 200 in 31ms
 GET /api/contents?status=PENDING_APPROVAL 200 in 32ms
 GET /api/contents?status=PENDING_APPROVAL 200 in 29ms
 GET / 307 in 78ms
 GET /auth/signin 200 in 49ms
 ✓ Compiled /api/approvals in 218ms (662 modules)
 POST /api/approvals 201 in 288ms
 GET /api/auth/csrf 200 in 40ms
 POST /api/auth/signout 200 in 30ms
 GET / 307 in 58ms
 GET /auth/signin 200 in 42ms
 GET / 307 in 37ms
 GET /auth/signin 200 in 30ms
 GET / 307 in 41ms
 GET /auth/signin 200 in 33ms
 GET / 307 in 36ms
 GET /auth/signin 200 in 32ms
 GET / 307 in 37ms
 GET /auth/signin 200 in 33ms
 GET / 307 in 37ms
 GET /auth/signin 200 in 35ms
 GET / 307 in 35ms
 GET /auth/signin 200 in 31ms
 GET / 307 in 35ms
 GET /auth/signin 200 in 31ms
 GET / 307 in 36ms
 GET /auth/signin 200 in 30ms
 GET / 307 in 37ms
 GET /auth/signin 200 in 31ms
 GET / 307 in 35ms
 GET /auth/signin 200 in 33ms
 GET / 307 in 40ms
 GET /auth/signin 200 in 33ms
 GET / 307 in 37ms
 GET /auth/signin 200 in 29ms
 GET / 307 in 36ms
 GET /auth/signin 200 in 30ms
 GET / 307 in 35ms
 GET /auth/signin 200 in 31ms
 GET /api/auth/session 200 in 29ms
 GET /api/auth/session 200 in 20ms
 GET / 307 in 34ms
 GET /auth/signin 200 in 31ms
 GET / 307 in 33ms
 GET /auth/signin 200 in 29ms
 GET / 307 in 36ms
 GET /auth/signin 200 in 28ms
