components/design-system/components/chart/liquid-chart.tsx(16,23): error TS2345: Argument of type '() => Promise<{ default: typeof XAxis; }>' is not assignable to parameter of type 'DynamicOptions<Props> | Loader<Props>'.
  Type '() => Promise<{ default: typeof XAxis; }>' is not assignable to type '() => LoaderComponent<Props>'.
    Type 'Promise<{ default: typeof XAxis; }>' is not assignable to type 'LoaderComponent<Props>'.
      Type '{ default: typeof XAxis; }' is not assignable to type 'ComponentType<Props> | ComponentModule<Props>'.
        Type '{ default: typeof XAxis; }' is not assignable to type 'ComponentModule<Props>'.
          Types of property 'default' are incompatible.
            Type 'typeof XAxis' is not assignable to type 'ComponentType<Props>'.
              Type 'typeof XAxis' is not assignable to type 'ComponentClass<Props, any>'.
                The types of 'defaultProps.type' are incompatible between these types.
                  Type 'string' is not assignable to type '"number" | "category" | undefined'.
components/design-system/components/chart/liquid-chart.tsx(17,23): error TS2345: Argument of type '() => Promise<{ default: typeof YAxis; }>' is not assignable to parameter of type 'DynamicOptions<Props> | Loader<Props>'.
  Type '() => Promise<{ default: typeof YAxis; }>' is not assignable to type '() => LoaderComponent<Props>'.
    Type 'Promise<{ default: typeof YAxis; }>' is not assignable to type 'LoaderComponent<Props>'.
      Type '{ default: typeof YAxis; }' is not assignable to type 'ComponentType<Props> | ComponentModule<Props>'.
        Type '{ default: typeof YAxis; }' is not assignable to type 'ComponentModule<Props>'.
          Types of property 'default' are incompatible.
            Type 'typeof YAxis' is not assignable to type 'ComponentType<Props>'.
              Type 'typeof YAxis' is not assignable to type 'ComponentClass<Props, any>'.
                The types of 'defaultProps.type' are incompatible between these types.
                  Type 'string' is not assignable to type '"number" | "category" | undefined'.
components/design-system/components/chart/liquid-chart.tsx(18,25): error TS2345: Argument of type '() => Promise<{ default: typeof Tooltip; }>' is not assignable to parameter of type 'DynamicOptions<TooltipProps<ValueType, NameType>> | Loader<TooltipProps<ValueType, NameType>>'.
  Type '() => Promise<{ default: typeof Tooltip; }>' is not assignable to type '() => LoaderComponent<TooltipProps<ValueType, NameType>>'.
    Type 'Promise<{ default: typeof Tooltip; }>' is not assignable to type 'LoaderComponent<TooltipProps<ValueType, NameType>>'.
      Type '{ default: typeof Tooltip; }' is not assignable to type 'ComponentType<TooltipProps<ValueType, NameType>> | ComponentModule<TooltipProps<ValueType, NameType>>'.
        Type '{ default: typeof Tooltip; }' is not assignable to type 'ComponentModule<TooltipProps<ValueType, NameType>>'.
          Types of property 'default' are incompatible.
            Type 'typeof Tooltip' is not assignable to type 'ComponentType<TooltipProps<ValueType, NameType>>'.
              Type 'typeof Tooltip' is not assignable to type 'ComponentClass<TooltipProps<ValueType, NameType>, any>'.
                The types of 'defaultProps.animationEasing' are incompatible between these types.
                  Type 'string' is not assignable to type 'AnimationTiming | undefined'.
components/design-system/components/chart/liquid-chart.tsx(19,24): error TS2345: Argument of type '() => Promise<{ default: typeof Legend; }>' is not assignable to parameter of type 'DynamicOptions<Props> | Loader<Props>'.
  Type '() => Promise<{ default: typeof Legend; }>' is not assignable to type '() => LoaderComponent<Props>'.
    Type 'Promise<{ default: typeof Legend; }>' is not assignable to type 'LoaderComponent<Props>'.
      Type '{ default: typeof Legend; }' is not assignable to type 'ComponentType<Props> | ComponentModule<Props>'.
        Type '{ default: typeof Legend; }' is not assignable to type 'ComponentModule<Props>'.
          Types of property 'default' are incompatible.
            Type 'typeof Legend' is not assignable to type 'ComponentType<Props>'.
              Type 'typeof Legend' is not assignable to type 'ComponentClass<Props, any>'.
                The types of 'defaultProps.layout' are incompatible between these types.
                  Type 'string' is not assignable to type 'LayoutType | undefined'.
components/design-system/components/chart/liquid-chart.tsx(20,22): error TS2345: Argument of type '() => Promise<{ default: typeof Line; }>' is not assignable to parameter of type 'DynamicOptions<Props> | Loader<Props>'.
  Type '() => Promise<{ default: typeof Line; }>' is not assignable to type '() => LoaderComponent<Props>'.
    Type 'Promise<{ default: typeof Line; }>' is not assignable to type 'LoaderComponent<Props>'.
      Type '{ default: typeof Line; }' is not assignable to type 'ComponentType<Props> | ComponentModule<Props>'.
        Type '{ default: typeof Line; }' is not assignable to type 'ComponentModule<Props>'.
          Types of property 'default' are incompatible.
            Type 'typeof Line' is not assignable to type 'ComponentType<Props>'.
              Type 'typeof Line' is not assignable to type 'ComponentClass<Props, any>'.
                The types of 'defaultProps.legendType' are incompatible between these types.
                  Type 'string' is not assignable to type 'LegendType | undefined'.
components/design-system/components/chart/liquid-chart.tsx(21,21): error TS2345: Argument of type '() => Promise<{ default: typeof Bar; }>' is not assignable to parameter of type 'DynamicOptions<Props> | Loader<Props>'.
  Type '() => Promise<{ default: typeof Bar; }>' is not assignable to type '() => LoaderComponent<Props>'.
    Type 'Promise<{ default: typeof Bar; }>' is not assignable to type 'LoaderComponent<Props>'.
      Type '{ default: typeof Bar; }' is not assignable to type 'ComponentType<Props> | ComponentModule<Props>'.
        Type '{ default: typeof Bar; }' is not assignable to type 'ComponentModule<Props>'.
          Types of property 'default' are incompatible.
            Type 'typeof Bar' is not assignable to type 'ComponentType<Props>'.
              Type 'typeof Bar' is not assignable to type 'ComponentClass<Props, any>'.
                The types of 'defaultProps.layout' are incompatible between these types.
                  Type 'string' is not assignable to type '"horizontal" | "vertical" | undefined'.
components/design-system/components/chart/liquid-chart.tsx(22,22): error TS2345: Argument of type '() => Promise<{ default: typeof Area; }>' is not assignable to parameter of type 'DynamicOptions<Props> | Loader<Props>'.
  Type '() => Promise<{ default: typeof Area; }>' is not assignable to type '() => LoaderComponent<Props>'.
    Type 'Promise<{ default: typeof Area; }>' is not assignable to type 'LoaderComponent<Props>'.
      Type '{ default: typeof Area; }' is not assignable to type 'ComponentType<Props> | ComponentModule<Props>'.
        Type '{ default: typeof Area; }' is not assignable to type 'ComponentModule<Props>'.
          Types of property 'default' are incompatible.
            Type 'typeof Area' is not assignable to type 'ComponentType<Props>'.
              Type 'typeof Area' is not assignable to type 'ComponentClass<Props, any>'.
                The types of 'defaultProps.legendType' are incompatible between these types.
                  Type 'string' is not assignable to type 'LegendType | undefined'.
components/design-system/components/chart/liquid-chart.tsx(23,21): error TS2345: Argument of type '() => Promise<{ default: typeof Pie; }>' is not assignable to parameter of type 'DynamicOptions<Props> | Loader<Props>'.
  Type '() => Promise<{ default: typeof Pie; }>' is not assignable to type '() => LoaderComponent<Props>'.
    Type 'Promise<{ default: typeof Pie; }>' is not assignable to type 'LoaderComponent<Props>'.
      Type '{ default: typeof Pie; }' is not assignable to type 'ComponentType<Props> | ComponentModule<Props>'.
        Type '{ default: typeof Pie; }' is not assignable to type 'ComponentModule<Props>'.
          Types of property 'default' are incompatible.
            Type 'typeof Pie' is not assignable to type 'ComponentType<Props>'.
              Type 'typeof Pie' is not assignable to type 'ComponentClass<Props, any>'.
                The types of 'defaultProps.legendType' are incompatible between these types.
                  Type 'string' is not assignable to type 'LegendType | undefined'.
components/design-system/components/modal/liquid-modal.tsx(75,3): error TS2345: Argument of type '({ open, onOpenChange, children, size, backdrop, rounded, showCloseButton, closeOnBackdropClick, closeOnEscape, className, ...props }: LiquidModalProps, ref: ForwardedRef<HTMLDivElement>) => ReactPortal | null' is not assignable to parameter of type 'ForwardRefRenderFunction<HTMLDivElement, LiquidModalProps>'.
  Type 'ReactPortal | null' is not assignable to type 'ReactNode'.
    Type 'ReactPortal' is not assignable to type 'ReactNode'.
      Type 'import("/opt/hostedapp/node/root/app/node_modules/@types/react-dom/node_modules/@types/react/index").ReactPortal' is not assignable to type 'React.ReactPortal'.
        Types of property 'children' are incompatible.
          Type 'import("/opt/hostedapp/node/root/app/node_modules/@types/react-dom/node_modules/@types/react/index").ReactNode' is not assignable to type 'React.ReactNode'.
            Type 'bigint' is not assignable to type 'ReactNode'.
components/design-system/components/modal/liquid-modal.tsx(135,7): error TS2345: Argument of type 'Element' is not assignable to parameter of type 'ReactNode'.
  Property 'children' is missing in type 'ReactElement<any, any>' but required in type 'ReactPortal'.
components/design-system/components/table/liquid-table.tsx(124,19): error TS2339: Property 'toString' does not exist on type '"" | NonNullable<T[keyof T]>'.
  Property 'toString' does not exist on type 'NonNullable<T[keyof T]>'.
exit_code=2
